{"/home/bioer/backup/gits/all_for_it_learning/node_EthanRBrown_book/meadowlark.js": {"path":"/home/bioer/backup/gits/all_for_it_learning/node_EthanRBrown_book/meadowlark.js","statementMap":{"0":{"start":{"line":1,"column":16},"end":{"line":1,"column":34}},"1":{"start":{"line":2,"column":26},"end":{"line":2,"column":55}},"2":{"start":{"line":4,"column":17},"end":{"line":4,"column":42}},"3":{"start":{"line":6,"column":12},"end":{"line":6,"column":21}},"4":{"start":{"line":9,"column":0},"end":{"line":11,"column":3}},"5":{"start":{"line":12,"column":0},"end":{"line":12,"column":36}},"6":{"start":{"line":14,"column":13},"end":{"line":14,"column":37}},"7":{"start":{"line":16,"column":0},"end":{"line":16,"column":43}},"8":{"start":{"line":18,"column":0},"end":{"line":18,"column":27}},"9":{"start":{"line":20,"column":0},"end":{"line":20,"column":33}},"10":{"start":{"line":23,"column":0},"end":{"line":23,"column":26}},"11":{"start":{"line":26,"column":0},"end":{"line":26,"column":29}},"12":{"start":{"line":28,"column":0},"end":{"line":35,"column":1}},"13":{"start":{"line":29,"column":2},"end":{"line":32,"column":4}},"14":{"start":{"line":30,"column":4},"end":{"line":31,"column":38}},"15":{"start":{"line":34,"column":2},"end":{"line":34,"column":22}}},"fnMap":{"0":{"name":"(anonymous_0)","decl":{"start":{"line":29,"column":19},"end":{"line":29,"column":20}},"loc":{"start":{"line":29,"column":25},"end":{"line":32,"column":3}},"line":29}},"branchMap":{"0":{"loc":{"start":{"line":14,"column":13},"end":{"line":14,"column":37}},"type":"binary-expr","locations":[{"start":{"line":14,"column":13},"end":{"line":14,"column":29}},{"start":{"line":14,"column":33},"end":{"line":14,"column":37}}],"line":14},"1":{"loc":{"start":{"line":28,"column":0},"end":{"line":35,"column":1}},"type":"if","locations":[{"start":{"line":28,"column":0},"end":{"line":35,"column":1}},{"start":{"line":28,"column":0},"end":{"line":35,"column":1}}],"line":28}},"s":{"0":1,"1":1,"2":1,"3":1,"4":1,"5":1,"6":1,"7":1,"8":1,"9":1,"10":1,"11":1,"12":1,"13":0,"14":0,"15":1},"f":{"0":0},"b":{"0":[1,1],"1":[0,1]},"_coverageSchema":"1a1c01bbd47fc00a2c39e90264f33305004495a9","hash":"b3e563f452ef60bce769729dfa3860d1d9e12c0f"}
,"/home/bioer/backup/gits/all_for_it_learning/node_EthanRBrown_book/lib/fortune.js": {"path":"/home/bioer/backup/gits/all_for_it_learning/node_EthanRBrown_book/lib/fortune.js","statementMap":{"0":{"start":{"line":2,"column":23},"end":{"line":8,"column":1}},"1":{"start":{"line":10,"column":0},"end":{"line":13,"column":1}},"2":{"start":{"line":11,"column":14},"end":{"line":11,"column":61}},"3":{"start":{"line":12,"column":2},"end":{"line":12,"column":28}}},"fnMap":{"0":{"name":"(anonymous_0)","decl":{"start":{"line":10,"column":21},"end":{"line":10,"column":22}},"loc":{"start":{"line":10,"column":27},"end":{"line":13,"column":1}},"line":10}},"branchMap":{},"s":{"0":2,"1":2,"2":2,"3":2},"f":{"0":2},"b":{},"_coverageSchema":"1a1c01bbd47fc00a2c39e90264f33305004495a9","hash":"c11ecea7a7dc3e7bb1b563073bac2e79d442a6d8"}
,"/home/bioer/backup/gits/all_for_it_learning/node_EthanRBrown_book/lib/handlers.js": {"path":"/home/bioer/backup/gits/all_for_it_learning/node_EthanRBrown_book/lib/handlers.js","statementMap":{"0":{"start":{"line":1,"column":16},"end":{"line":1,"column":36}},"1":{"start":{"line":3,"column":0},"end":{"line":3,"column":47}},"2":{"start":{"line":3,"column":29},"end":{"line":3,"column":47}},"3":{"start":{"line":5,"column":0},"end":{"line":6,"column":56}},"4":{"start":{"line":6,"column":2},"end":{"line":6,"column":56}},"5":{"start":{"line":8,"column":0},"end":{"line":8,"column":50}},"6":{"start":{"line":8,"column":33},"end":{"line":8,"column":50}},"7":{"start":{"line":13,"column":0},"end":{"line":13,"column":64}},"8":{"start":{"line":13,"column":47},"end":{"line":13,"column":64}}},"fnMap":{"0":{"name":"(anonymous_0)","decl":{"start":{"line":3,"column":15},"end":{"line":3,"column":16}},"loc":{"start":{"line":3,"column":29},"end":{"line":3,"column":47}},"line":3},"1":{"name":"(anonymous_1)","decl":{"start":{"line":5,"column":16},"end":{"line":5,"column":17}},"loc":{"start":{"line":6,"column":2},"end":{"line":6,"column":56}},"line":6},"2":{"name":"(anonymous_2)","decl":{"start":{"line":8,"column":19},"end":{"line":8,"column":20}},"loc":{"start":{"line":8,"column":33},"end":{"line":8,"column":50}},"line":8},"3":{"name":"(anonymous_3)","decl":{"start":{"line":13,"column":22},"end":{"line":13,"column":23}},"loc":{"start":{"line":13,"column":47},"end":{"line":13,"column":64}},"line":13}},"branchMap":{},"s":{"0":2,"1":2,"2":2,"3":2,"4":2,"5":2,"6":1,"7":2,"8":1},"f":{"0":2,"1":2,"2":1,"3":1},"b":{},"_coverageSchema":"1a1c01bbd47fc00a2c39e90264f33305004495a9","hash":"9f5d9846f68bdcb9af10183ab2d64147b55685c0"}
}
