TN:
SF:meadowlark.js
FN:29,(anonymous_0)
FNF:1
FNH:0
FNDA:0,(anonymous_0)
DA:1,1
DA:2,1
DA:4,1
DA:6,1
DA:9,1
DA:12,1
DA:14,1
DA:16,1
DA:18,1
DA:20,1
DA:23,1
DA:26,1
DA:28,1
DA:29,0
DA:30,0
DA:34,1
LF:16
LH:14
BRDA:14,0,0,1
BRDA:14,0,1,1
BRDA:28,1,0,0
BRDA:28,1,1,1
BRF:4
BRH:3
end_of_record
TN:
SF:lib/fortune.js
FN:10,(anonymous_0)
FNF:1
FNH:1
FNDA:2,(anonymous_0)
DA:2,2
DA:10,2
DA:11,2
DA:12,2
LF:4
LH:4
BRF:0
BRH:0
end_of_record
TN:
SF:lib/handlers.js
FN:3,(anonymous_0)
FN:5,(anonymous_1)
FN:8,(anonymous_2)
FN:13,(anonymous_3)
FNF:4
FNH:4
FNDA:2,(anonymous_0)
FNDA:2,(anonymous_1)
FNDA:1,(anonymous_2)
FNDA:1,(anonymous_3)
DA:1,2
DA:3,2
DA:5,2
DA:6,2
DA:8,2
DA:13,2
LF:6
LH:6
BRF:0
BRH:0
end_of_record
